<?xml version="1.0" encoding="UTF-8"?>
<testng-results ignored="0" total="2" passed="2" failed="0" skipped="0">
  <reporter-output>
  </reporter-output>
  <suite started-at="2018-12-14T03:07:59Z" name="Default suite" finished-at="2018-12-14T03:07:59Z" duration-ms="40">
    <groups>
    </groups>
    <test started-at="2018-12-14T03:07:59Z" name="Default test" finished-at="2018-12-14T03:07:59Z" duration-ms="40">
      <class name="com.abc.sample.SampleApp">
        <test-method is-config="true" signature="beforeMethod()[pri:0, instance:com.abc.sample.SampleApp@3059cbc]" started-at="2018-12-14T03:07:59Z" name="beforeMethod" finished-at="2018-12-14T03:07:59Z" duration-ms="6" status="PASS">
          <reporter-output>
          </reporter-output>
        </test-method> <!-- beforeMethod -->
        <test-method signature="test1()[pri:0, instance:com.abc.sample.SampleApp@3059cbc]" started-at="2018-12-14T03:07:59Z" name="test1" finished-at="2018-12-14T03:07:59Z" duration-ms="8" status="PASS">
          <reporter-output>
          </reporter-output>
        </test-method> <!-- test1 -->
        <test-method is-config="true" signature="afterMethod()[pri:0, instance:com.abc.sample.SampleApp@3059cbc]" started-at="2018-12-14T03:07:59Z" name="afterMethod" finished-at="2018-12-14T03:07:59Z" duration-ms="0" status="PASS">
          <reporter-output>
          </reporter-output>
        </test-method> <!-- afterMethod -->
        <test-method signature="test2()[pri:0, instance:com.abc.sample.SampleApp@3059cbc]" started-at="2018-12-14T03:07:59Z" name="test2" finished-at="2018-12-14T03:07:59Z" duration-ms="1" status="PASS">
          <reporter-output>
          </reporter-output>
        </test-method> <!-- test2 -->
        <test-method is-config="true" signature="beforeMethod()[pri:0, instance:com.abc.sample.SampleApp@3059cbc]" started-at="2018-12-14T03:07:59Z" name="beforeMethod" finished-at="2018-12-14T03:07:59Z" duration-ms="0" status="PASS">
          <reporter-output>
          </reporter-output>
        </test-method> <!-- beforeMethod -->
        <test-method is-config="true" signature="afterMethod()[pri:0, instance:com.abc.sample.SampleApp@3059cbc]" started-at="2018-12-14T03:07:59Z" name="afterMethod" finished-at="2018-12-14T03:07:59Z" duration-ms="1" status="PASS">
          <reporter-output>
          </reporter-output>
        </test-method> <!-- afterMethod -->
      </class> <!-- com.abc.sample.SampleApp -->
    </test> <!-- Default test -->
  </suite> <!-- Default suite -->
</testng-results>
