<?xml version="1.0" encoding="UTF-8"?>
<!-- Generated by org.testng.reporters.JUnitXMLReporter -->
<testsuite ignored="3" hostname="jarvis" failures="0" tests="3" name="SampleProject" time="0.044" errors="0" timestamp="17 Dec 2018 04:20:20 GMT">
  <testcase classname="com.abc.demo.GroupApp" name="test1" time="0.012"/>
  <testcase classname="com.abc.demo.GroupApp" name="test3" time="0.002"/>
  <testcase classname="com.abc.demo.GroupApp" name="test5" time="0.002"/>
  <testcase classname="com.abc.demo.GroupApp" name="test0" time="0.0">
    <ignored/>
  </testcase> <!-- test0 -->
  <testcase classname="com.abc.demo.GroupApp" name="test2" time="0.0">
    <ignored/>
  </testcase> <!-- test2 -->
  <testcase classname="com.abc.demo.GroupApp" name="test4" time="0.0">
    <ignored/>
  </testcase> <!-- test4 -->
</testsuite> <!-- SampleProject -->
