<?xml version="1.0" encoding="UTF-8"?>
<testng-results ignored="3" total="6" passed="3" failed="0" skipped="0">
  <reporter-output>
  </reporter-output>
  <suite started-at="2018-12-17T04:20:20Z" name="GroupExecution" finished-at="2018-12-17T04:20:20Z" duration-ms="44">
    <groups>
      <group name="odd">
        <method signature="GroupApp.test1()[pri:0, instance:com.abc.demo.GroupApp@932bc4a]" name="test1" class="com.abc.demo.GroupApp"/>
        <method signature="GroupApp.test3()[pri:0, instance:com.abc.demo.GroupApp@932bc4a]" name="test3" class="com.abc.demo.GroupApp"/>
        <method signature="GroupApp.test5()[pri:0, instance:com.abc.demo.GroupApp@932bc4a]" name="test5" class="com.abc.demo.GroupApp"/>
      </group> <!-- odd -->
    </groups>
    <test started-at="2018-12-17T04:20:20Z" name="SampleProject" finished-at="2018-12-17T04:20:20Z" duration-ms="44">
      <class name="com.abc.demo.GroupApp">
        <test-method signature="test1()[pri:0, instance:com.abc.demo.GroupApp@932bc4a]" started-at="2018-12-17T04:20:20Z" name="test1" finished-at="2018-12-17T04:20:20Z" duration-ms="12" status="PASS">
          <reporter-output>
          </reporter-output>
        </test-method> <!-- test1 -->
        <test-method signature="test3()[pri:0, instance:com.abc.demo.GroupApp@932bc4a]" started-at="2018-12-17T04:20:20Z" name="test3" finished-at="2018-12-17T04:20:20Z" duration-ms="2" status="PASS">
          <reporter-output>
          </reporter-output>
        </test-method> <!-- test3 -->
        <test-method signature="test5()[pri:0, instance:com.abc.demo.GroupApp@932bc4a]" started-at="2018-12-17T04:20:20Z" name="test5" finished-at="2018-12-17T04:20:20Z" duration-ms="2" status="PASS">
          <reporter-output>
          </reporter-output>
        </test-method> <!-- test5 -->
      </class> <!-- com.abc.demo.GroupApp -->
    </test> <!-- SampleProject -->
  </suite> <!-- GroupExecution -->
</testng-results>
